2026-06-13T20:01:40Z INF Thank you for trying Cloudflare Tunnel. Doing so, without a Cloudflare account, is a quick way to experiment and try it out. However, be aware that these account-less Tunnels have no uptime guarantee, are subject to the Cloudflare Online Services Terms of Use (https://www.cloudflare.com/website-terms/), and Cloudflare reserves the right to investigate your use of Tunnels for violations of such terms. If you intend to use Tunnels in production you should use a pre-created named tunnel by following: https://developers.cloudflare.com/cloudflare-one/connections/connect-apps
2026-06-13T20:01:40Z INF Requesting new quick Tunnel on trycloudflare.com...
2026-06-13T20:01:44Z INF +--------------------------------------------------------------------------------------------+
2026-06-13T20:01:44Z INF |  Your quick Tunnel has been created! Visit it at (it may take some time to be reachable):  |
2026-06-13T20:01:44Z INF |  https://moves-lady-sas-beautiful.trycloudflare.com                                        |
2026-06-13T20:01:44Z INF +--------------------------------------------------------------------------------------------+
2026-06-13T20:01:44Z INF Cannot determine default configuration path. No file [config.yml config.yaml] in [~/.cloudflared ~/.cloudflare-warp ~/cloudflare-warp /etc/cloudflared /usr/local/etc/cloudflared]
2026-06-13T20:01:44Z INF Version 2026.6.0 (Checksum c994e7d1096202a7937b485610f1c80ca69cfd822de945ce8d167e6856a2c09e)
2026-06-13T20:01:44Z INF GOOS: darwin, GOVersion: go1.26.4, GoArch: arm64
2026-06-13T20:01:44Z INF Settings: map[ha-connections:1 protocol:quic url:http://localhost:8080]
2026-06-13T20:01:44Z INF cloudflared will not automatically update if installed by a package manager.
2026-06-13T20:01:44Z INF Generated Connector ID: bdafd865-ffd2-4740-bc15-d92322b9e547
2026-06-13T20:01:44Z INF Initial protocol quic
2026-06-13T20:01:44Z INF ICMP proxy will use 192.168.4.77 as source for IPv4
2026-06-13T20:01:44Z INF ICMP proxy will use fe80::c9c:7557:d478:5089 in zone en0 as source for IPv6
2026-06-13T20:01:44Z INF Created ICMP proxy listening on 192.168.4.77:0
2026-06-13T20:01:44Z INF ICMP proxy will use 192.168.4.77 as source for IPv4
2026-06-13T20:01:44Z INF ICMP proxy will use fe80::c9c:7557:d478:5089 in zone en0 as source for IPv6
2026-06-13T20:01:44Z INF Starting metrics server on 127.0.0.1:20241/metrics
2026-06-13T20:01:44Z INF Tunnel connection curve preferences: [X25519MLKEM768 CurveID(65074) CurveP256] connIndex=0 event=0 ip=2606:4700:a8::4
2026-06-13T20:01:44Z ERR failed to run the datagram handler error="context canceled" connIndex=0 event=0 ip=2606:4700:a8::4
2026-06-13T20:01:44Z ERR failed to serve tunnel connection error="control stream encountered a failure while serving" connIndex=0 event=0 ip=2606:4700:a8::4
2026-06-13T20:01:44Z ERR Serve tunnel error error="control stream encountered a failure while serving" connIndex=0 event=0 ip=2606:4700:a8::4
2026-06-13T20:01:44Z INF Retrying connection in up to 2s connIndex=0 event=0 ip=2606:4700:a8::4
2026-06-13T20:01:44Z INF +-------------------------------------------------------------------------------------+
2026-06-13T20:01:44Z INF |                               CONNECTIVITY PRE-CHECKS                               |
2026-06-13T20:01:44Z INF +-------------------------------------------------------------------------------------+
2026-06-13T20:01:44Z INF |  COMPONENT         TARGET                     STATUS  DETAILS                       |
2026-06-13T20:01:44Z INF |  DNS Resolution    region1.v2.argotunnel.com  PASS    DNS Resolved successfully     |
2026-06-13T20:01:44Z INF |  DNS Resolution    region2.v2.argotunnel.com  PASS    DNS Resolved successfully     |
2026-06-13T20:01:44Z INF |  UDP Connectivity  region1.v2.argotunnel.com  PASS    QUIC connection successful    |
2026-06-13T20:01:44Z INF |  UDP Connectivity  region2.v2.argotunnel.com  PASS    QUIC connection successful    |
2026-06-13T20:01:44Z INF |  TCP Connectivity  region1.v2.argotunnel.com  PASS    HTTP/2 connection successful  |
2026-06-13T20:01:44Z INF |  TCP Connectivity  region2.v2.argotunnel.com  PASS    HTTP/2 connection successful  |
2026-06-13T20:01:44Z INF |  Cloudflare API    api.cloudflare.com:443     PASS    API is reachable              |
2026-06-13T20:01:44Z INF |                                                                                     |
2026-06-13T20:01:44Z INF |  SUMMARY: Environment is healthy. cloudflared will use 'quic' as primary protocol.  |
2026-06-13T20:01:44Z INF +-------------------------------------------------------------------------------------+
2026-06-13T20:01:44Z INF precheck component="DNS Resolution" details="DNS Resolved successfully" run_id=1d010e7b-fcbc-4273-a4b4-51d816fd87e7 status=pass target=region1.v2.argotunnel.com
2026-06-13T20:01:44Z INF precheck component="DNS Resolution" details="DNS Resolved successfully" run_id=1d010e7b-fcbc-4273-a4b4-51d816fd87e7 status=pass target=region2.v2.argotunnel.com
2026-06-13T20:01:44Z INF precheck component="UDP Connectivity" details="QUIC connection successful" run_id=1d010e7b-fcbc-4273-a4b4-51d816fd87e7 status=pass target=region1.v2.argotunnel.com
2026-06-13T20:01:44Z INF precheck component="UDP Connectivity" details="QUIC connection successful" run_id=1d010e7b-fcbc-4273-a4b4-51d816fd87e7 status=pass target=region2.v2.argotunnel.com
2026-06-13T20:01:44Z INF precheck component="TCP Connectivity" details="HTTP/2 connection successful" run_id=1d010e7b-fcbc-4273-a4b4-51d816fd87e7 status=pass target=region1.v2.argotunnel.com
2026-06-13T20:01:44Z INF precheck component="TCP Connectivity" details="HTTP/2 connection successful" run_id=1d010e7b-fcbc-4273-a4b4-51d816fd87e7 status=pass target=region2.v2.argotunnel.com
2026-06-13T20:01:44Z INF precheck component="Cloudflare API" details="API is reachable" run_id=1d010e7b-fcbc-4273-a4b4-51d816fd87e7 status=pass target=api.cloudflare.com:443
2026-06-13T20:01:44Z INF precheck complete hard_fail=false run_id=1d010e7b-fcbc-4273-a4b4-51d816fd87e7 suggested_protocol=quic
2026-06-13T20:01:46Z INF Tunnel connection curve preferences: [X25519MLKEM768 CurveID(65074) CurveP256] connIndex=0 event=0 ip=2606:4700:a8::4
2026-06-13T20:01:46Z ERR failed to run the datagram handler error="context canceled" connIndex=0 event=0 ip=2606:4700:a8::4
2026-06-13T20:01:46Z ERR failed to serve tunnel connection error="control stream encountered a failure while serving" connIndex=0 event=0 ip=2606:4700:a8::4
2026-06-13T20:01:46Z ERR Serve tunnel error error="control stream encountered a failure while serving" connIndex=0 event=0 ip=2606:4700:a8::4
2026-06-13T20:01:46Z INF Retrying connection in up to 4s connIndex=0 event=0 ip=2606:4700:a8::4
2026-06-13T20:01:46Z INF Tunnel connection curve preferences: [X25519MLKEM768 CurveID(65074) CurveP256] connIndex=0 event=0 ip=2606:4700:a8::4
2026-06-13T20:01:46Z ERR failed to run the datagram handler error="context canceled" connIndex=0 event=0 ip=2606:4700:a8::4
2026-06-13T20:01:46Z ERR failed to serve tunnel connection error="control stream encountered a failure while serving" connIndex=0 event=0 ip=2606:4700:a8::4
2026-06-13T20:01:46Z ERR Serve tunnel error error="control stream encountered a failure while serving" connIndex=0 event=0 ip=2606:4700:a8::4
2026-06-13T20:01:46Z INF Retrying connection in up to 8s connIndex=0 event=0 ip=2606:4700:a8::4
2026-06-13T20:01:48Z INF Tunnel connection curve preferences: [X25519MLKEM768 CurveID(65074) CurveP256] connIndex=0 event=0 ip=2606:4700:a8::4
2026-06-13T20:01:48Z ERR failed to run the datagram handler error="context canceled" connIndex=0 event=0 ip=2606:4700:a8::4
2026-06-13T20:01:48Z ERR failed to serve tunnel connection error="control stream encountered a failure while serving" connIndex=0 event=0 ip=2606:4700:a8::4
2026-06-13T20:01:48Z ERR Serve tunnel error error="control stream encountered a failure while serving" connIndex=0 event=0 ip=2606:4700:a8::4
2026-06-13T20:01:48Z INF Retrying connection in up to 16s connIndex=0 event=0 ip=2606:4700:a8::4
2026-06-13T20:01:55Z INF Tunnel connection curve preferences: [X25519MLKEM768 CurveID(65074) CurveP256] connIndex=0 event=0 ip=2606:4700:a8::4
2026-06-13T20:01:55Z ERR failed to run the datagram handler error="context canceled" connIndex=0 event=0 ip=2606:4700:a8::4
2026-06-13T20:01:55Z ERR failed to serve tunnel connection error="control stream encountered a failure while serving" connIndex=0 event=0 ip=2606:4700:a8::4
2026-06-13T20:01:55Z ERR Serve tunnel error error="control stream encountered a failure while serving" connIndex=0 event=0 ip=2606:4700:a8::4
2026-06-13T20:01:55Z INF Retrying connection in up to 32s connIndex=0 event=0 ip=2606:4700:a8::4
2026-06-13T20:02:24Z INF Tunnel connection curve preferences: [X25519MLKEM768 CurveID(65074) CurveP256] connIndex=0 event=0 ip=2606:4700:a8::4
2026-06-13T20:02:24Z INF Registered tunnel connection connIndex=0 connection=23957341-b12e-4d64-90b5-776ef881aa2f event=0 ip=2606:4700:a8::4 location=mci03 protocol=quic
